[    0.000000] Initializing cgroup subsys cpuset
[    0.000000] Initializing cgroup subsys cpu
[    0.000000] Initializing cgroup subsys cpuacct
[    0.000000] Linux version 4.4.0-203-generic (buildd@lcy01-amd64-027) (gcc version 5.4.0 20160609 (Ubuntu 5.4.0-6ubuntu1~16.04.12) ) #235-Ubuntu SMP Tue Feb 2 02:49:08 UTC 2021 (Ubuntu 4.4.0-203.235-generic 4.4.249)
[    0.000000] Command line: BOOT_IMAGE=/boot/vmlinuz-4.4.0-203-generic root=LABEL=cloudimg-rootfs ro console=tty1 console=ttyS0
[    0.000000] KERNEL supported cpus:
[    0.000000]   Intel GenuineIntel
[    0.000000]   AMD AuthenticAMD
[    0.000000]   Centaur CentaurHauls
[    0.000000] x86/fpu: xstate_offset[2]:  576, xstate_sizes[2]:  256
[    0.000000] x86/fpu: Supporting XSAVE feature 0x01: 'x87 floating point registers'
[    0.000000] x86/fpu: Supporting XSAVE feature 0x02: 'SSE registers'
[    0.000000] x86/fpu: Supporting XSAVE feature 0x04: 'AVX registers'
[    0.000000] x86/fpu: Enabled xstate features 0x7, context size is 832 bytes, using 'standard' format.
[    0.000000] e820: BIOS-provided physical RAM map:
[    0.000000] BIOS-e820: [mem 0x0000000000000000-0x000000000009fbff] usable
[    0.000000] BIOS-e820: [mem 0x000000000009fc00-0x000000000009ffff] reserved
[    0.000000] BIOS-e820: [mem 0x00000000000f0000-0x00000000000fffff] reserved
[    0.000000] BIOS-e820: [mem 0x0000000000100000-0x000000001ffeffff] usable
[    0.000000] BIOS-e820: [mem 0x000000001fff0000-0x000000001fffffff] ACPI data
[    0.000000] BIOS-e820: [mem 0x00000000fec00000-0x00000000fec00fff] reserved
[    0.000000] BIOS-e820: [mem 0x00000000fee00000-0x00000000fee00fff] reserved
[    0.000000] BIOS-e820: [mem 0x00000000fffc0000-0x00000000ffffffff] reserved
[    0.000000] NX (Execute Disable) protection: active
[    0.000000] SMBIOS 2.5 present.
[    0.000000] Hypervisor detected: KVM
[    0.000000] e820: last_pfn = 0x1fff0 max_arch_pfn = 0x400000000
[    0.000000] MTRR: Disabled
[    0.000000] x86/PAT: MTRRs disabled, skipping PAT initialization too.
[    0.000000] CPU MTRRs all blank - virtualized system.
[    0.000000] x86/PAT: Configuration [0-7]: WB  WT  UC- UC  WB  WT  UC- UC  
[    0.000000] found SMP MP-table at [mem 0x0009fff0-0x0009ffff] mapped at [ffff88000009fff0]
[    0.000000] Scanning 1 areas for low memory corruption
[    0.000000] RAMDISK: [mem 0x1e975000-0x1f7fdfff]
[    0.000000] ACPI: Early table checksum verification disabled
[    0.000000] ACPI: RSDP 0x00000000000E0000 000024 (v02 VBOX  )
[    0.000000] ACPI: XSDT 0x000000001FFF0030 00003C (v01 VBOX   VBOXXSDT 00000001 ASL  00000061)
[    0.000000] ACPI: FACP 0x000000001FFF00F0 0000F4 (v04 VBOX   VBOXFACP 00000001 ASL  00000061)
[    0.000000] ACPI: DSDT 0x000000001FFF0470 002325 (v02 VBOX   VBOXBIOS 00000002 INTL 20100528)
[    0.000000] ACPI: FACS 0x000000001FFF0200 000040
[    0.000000] ACPI: FACS 0x000000001FFF0200 000040
[    0.000000] ACPI: APIC 0x000000001FFF0240 00005C (v02 VBOX   VBOXAPIC 00000001 ASL  00000061)
[    0.000000] ACPI: SSDT 0x000000001FFF02A0 0001CC (v01 VBOX   VBOXCPUT 00000002 INTL 20100528)
[    0.000000] No NUMA configuration found
[    0.000000] Faking a node at [mem 0x0000000000000000-0x000000001ffeffff]
[    0.000000] NODE_DATA(0) allocated [mem 0x1ffeb000-0x1ffeffff]
[    0.000000] kvm-clock: Using msrs 4b564d01 and 4b564d00
[    0.000000] kvm-clock: cpu 0, msr 0:1ffe3001, primary cpu clock
[    0.000000] kvm-clock: using sched offset of 3783846828 cycles
[    0.000000] clocksource: kvm-clock: mask: 0xffffffffffffffff max_cycles: 0x1cd42e4dffb, max_idle_ns: 881590591483 ns
[    0.000000] Zone ranges:
[    0.000000]   DMA      [mem 0x0000000000001000-0x0000000000ffffff]
[    0.000000]   DMA32    [mem 0x0000000001000000-0x000000001ffeffff]
[    0.000000]   Normal   empty
[    0.000000]   Device   empty
[    0.000000] Movable zone start for each node
[    0.000000] Early memory node ranges
[    0.000000]   node   0: [mem 0x0000000000001000-0x000000000009efff]
[    0.000000]   node   0: [mem 0x0000000000100000-0x000000001ffeffff]
[    0.000000] Initmem setup node 0 [mem 0x0000000000001000-0x000000001ffeffff]
[    0.000000] ACPI: PM-Timer IO Port: 0x4008
[    0.000000] IOAPIC[0]: apic_id 2, version 32, address 0xfec00000, GSI 0-23
[    0.000000] ACPI: INT_SRC_OVR (bus 0 bus_irq 0 global_irq 2 dfl dfl)
[    0.000000] ACPI: INT_SRC_OVR (bus 0 bus_irq 9 global_irq 9 low level)
[    0.000000] Using ACPI (MADT) for SMP configuration information
[    0.000000] smpboot: Allowing 2 CPUs, 0 hotplug CPUs
[    0.000000] PM: Registered nosave memory: [mem 0x00000000-0x00000fff]
[    0.000000] PM: Registered nosave memory: [mem 0x0009f000-0x0009ffff]
[    0.000000] PM: Registered nosave memory: [mem 0x000a0000-0x000effff]
[    0.000000] PM: Registered nosave memory: [mem 0x000f0000-0x000fffff]
[    0.000000] e820: [mem 0x20000000-0xfebfffff] available for PCI devices
[    0.000000] Booting paravirtualized kernel on KVM
[    0.000000] clocksource: refined-jiffies: mask: 0xffffffff max_cycles: 0xffffffff, max_idle_ns: 7645519600211568 ns
[    0.000000] setup_percpu: NR_CPUS:512 nr_cpumask_bits:512 nr_cpu_ids:2 nr_node_ids:1
[    0.000000] PERCPU: Embedded 33 pages/cpu @ffff88001fc00000 s95640 r8192 d31336 u1048576
[    0.000000] Built 1 zonelists in Node order, mobility grouping on.  Total pages: 128888
[    0.000000] Policy zone: DMA32
[    0.000000] Kernel command line: BOOT_IMAGE=/boot/vmlinuz-4.4.0-203-generic root=LABEL=cloudimg-rootfs ro console=tty1 console=ttyS0
[    0.000000] PID hash table entries: 2048 (order: 2, 16384 bytes)
[    0.000000] Memory: 481576K/523832K available (8641K kernel code, 1337K rwdata, 4044K rodata, 1496K init, 1296K bss, 42256K reserved, 0K cma-reserved)
[    0.000000] SLUB: HWalign=64, Order=0-3, MinObjects=0, CPUs=2, Nodes=1
[    0.000000] Kernel/User page tables isolation: enabled
[    0.000000] Hierarchical RCU implementation.
[    0.000000] 	Build-time adjustment of leaf fanout to 64.
[    0.000000] 	RCU restricting CPUs from NR_CPUS=512 to nr_cpu_ids=2.
[    0.000000] RCU: Adjusting geometry for rcu_fanout_leaf=64, nr_cpu_ids=2
[    0.000000] NR_IRQS:33024 nr_irqs:440 16
[    0.000000] Console: colour VGA+ 80x25
[    0.000000] console [tty1] enabled
[    0.000000] console [ttyS0] enabled
[    0.000000] tsc: Detected 1991.999 MHz processor
[    0.214865] Calibrating delay loop (skipped) preset value.. 3983.99 BogoMIPS (lpj=7967996)
[    0.217625] pid_max: default: 32768 minimum: 301
[    0.219614] ACPI: Core revision 20150930
[    0.223596] ACPI: 2 ACPI AML tables successfully acquired and loaded
[    0.225730] Security Framework initialized
[    0.227091] Yama: becoming mindful.
[    0.228291] AppArmor: AppArmor initialized
[    0.229708] Dentry cache hash table entries: 65536 (order: 7, 524288 bytes)
[    0.232319] Inode-cache hash table entries: 32768 (order: 6, 262144 bytes)
[    0.234310] Mount-cache hash table entries: 1024 (order: 1, 8192 bytes)
[    0.236694] Mountpoint-cache hash table entries: 1024 (order: 1, 8192 bytes)
[    0.239523] Initializing cgroup subsys io
[    0.240878] Initializing cgroup subsys memory
[    0.242572] Initializing cgroup subsys devices
[    0.243971] Initializing cgroup subsys freezer
[    0.245612] Initializing cgroup subsys net_cls
[    0.247026] Initializing cgroup subsys perf_event
[    0.248624] Initializing cgroup subsys net_prio
[    0.250183] Initializing cgroup subsys hugetlb
[    0.252015] Initializing cgroup subsys pids
[    0.255111] mce: CPU supports 0 MCE banks
[    0.256922] Last level iTLB entries: 4KB 64, 2MB 8, 4MB 8
[    0.258790] Last level dTLB entries: 4KB 64, 2MB 0, 4MB 0, 1GB 4
[    0.260888] Spectre V1 : Mitigation: usercopy/swapgs barriers and __user pointer sanitization
[    0.263658] Spectre V2 : Mitigation: Full generic retpoline
[    0.265671] Spectre V2 : Spectre v2 / SpectreRSB mitigation: Filling RSB on context switch
[    0.268914] Speculative Store Bypass: Vulnerable
[    0.270556] SRBDS: Unknown: Dependent on hypervisor status
[    0.272850] MDS: Vulnerable: Clear CPU buffers attempted, no microcode
[    0.279209] Freeing SMP alternatives memory: 36K
[    0.290215] ftrace: allocating 32366 entries in 127 pages
[    0.383310] smpboot: APIC(0) Converting physical 0 to logical package 0
[    0.385803] smpboot: Max logical packages: 1
[    0.387632] x2apic enabled
[    0.389179] Switched APIC routing to physical x2apic.
[    0.392872] ..TIMER: vector=0x30 apic1=0 pin1=2 apic2=-1 pin2=-1
[    0.502776] smpboot: CPU0: Intel(R) Core(TM) i7-8550U CPU @ 1.80GHz (family: 0x6, model: 0x8e, stepping: 0xa)
[    0.506163] Performance Events: unsupported p6 CPU model 142 no PMU driver, software events only.
[    0.524916] KVM setup paravirtual spinlock
[    0.526968] x86: Booting SMP configuration:
[    0.528307] .... node  #0, CPUs:      #1
[    0.529584] kvm-clock: cpu 1, msr 0:1ffe3041, secondary cpu clock
[    0.532395] mce: CPU supports 0 MCE banks
[    0.535615] x86: Booted up 1 node, 2 CPUs
[    0.537280] smpboot: Total of 2 processors activated (7967.99 BogoMIPS)
[    0.544079] devtmpfs: initialized
[    0.548114] evm: security.selinux
[    0.549566] evm: security.SMACK64
[    0.551050] evm: security.SMACK64EXEC
[    0.552503] evm: security.SMACK64TRANSMUTE
[    0.554134] evm: security.SMACK64MMAP
[    0.555710] evm: security.ima
[    0.557052] evm: security.capability
[    0.558854] clocksource: jiffies: mask: 0xffffffff max_cycles: 0xffffffff, max_idle_ns: 7645041785100000 ns
[    0.562441] futex hash table entries: 512 (order: 3, 32768 bytes)
[    0.564870] pinctrl core: initialized pinctrl subsystem
[    0.567067] RTC time: 22:31:04, date: 03/23/21
[    0.569202] NET: Registered protocol family 16
[    0.579828] cpuidle: using governor ladder
[    0.592508] cpuidle: using governor menu
[    0.593967] PCCT header not found.
[    0.595226] ACPI: bus type PCI registered
[    0.596613] acpiphp: ACPI Hot Plug PCI Controller Driver version: 0.5
[    0.599180] PCI: Using configuration type 1 for base access
[    0.616832] ACPI: Added _OSI(Module Device)
[    0.618541] ACPI: Added _OSI(Processor Device)
[    0.620286] ACPI: Added _OSI(3.0 _SCP Extensions)
[    0.621983] ACPI: Added _OSI(Processor Aggregator Device)
[    0.624869] ACPI: Executed 1 blocks of module-level executable AML code
[    0.629989] ACPI: Interpreter enabled
[    0.631258] ACPI: (supports S0 S5)
[    0.632505] ACPI: Using IOAPIC for interrupt routing
[    0.634161] PCI: Using host bridge windows from ACPI; if necessary, use "pci=nocrs" and report a bug
[    0.643149] ACPI: PCI Root Bridge [PCI0] (domain 0000 [bus 00-ff])
[    0.645223] acpi PNP0A03:00: _OSC: OS supports [ASPM ClockPM Segments MSI]
[    0.647814] acpi PNP0A03:00: _OSC: not requesting OS control; OS requires [ExtendedConfig ASPM ClockPM MSI]
[    0.651326] acpi PNP0A03:00: fail to add MMCONFIG information, can't access extended PCI configuration space under this bridge.
[    0.656403] PCI host bridge to bus 0000:00
[    0.658017] pci_bus 0000:00: root bus resource [io  0x0000-0x0cf7 window]
[    0.660070] pci_bus 0000:00: root bus resource [io  0x0d00-0xffff window]
[    0.662030] pci_bus 0000:00: root bus resource [mem 0x000a0000-0x000bffff window]
[    0.665261] pci_bus 0000:00: root bus resource [mem 0x20000000-0xfdffffff window]
[    0.668698] pci_bus 0000:00: root bus resource [bus 00-ff]
[    0.686282] pci 0000:00:01.1: legacy IDE quirk: reg 0x10: [io  0x01f0-0x01f7]
[    0.688788] pci 0000:00:01.1: legacy IDE quirk: reg 0x14: [io  0x03f6]
[    0.691078] pci 0000:00:01.1: legacy IDE quirk: reg 0x18: [io  0x0170-0x0177]
[    0.712711] pci 0000:00:01.1: legacy IDE quirk: reg 0x1c: [io  0x0376]
[    0.746519] pci 0000:00:07.0: quirk: [io  0x4000-0x403f] claimed by PIIX4 ACPI
[    0.748926] pci 0000:00:07.0: quirk: [io  0x4100-0x410f] claimed by PIIX4 SMB
[    0.757320] ACPI: PCI Interrupt Link [LNKA] (IRQs 5 9 10 *11)
[    0.760644] ACPI: PCI Interrupt Link [LNKB] (IRQs 5 9 *10 11)
[    0.762918] ACPI: PCI Interrupt Link [LNKC] (IRQs 5 *9 10 11)
[    0.765269] ACPI: PCI Interrupt Link [LNKD] (IRQs 5 9 10 *11)
[    0.768086] ACPI: Enabled 2 GPEs in block 00 to 07
[    0.770385] vgaarb: setting as boot device: PCI:0000:00:02.0
[    0.772096] vgaarb: device added: PCI:0000:00:02.0,decodes=io+mem,owns=io+mem,locks=none
[    0.775023] vgaarb: loaded
[    0.776269] vgaarb: bridge control possible 0000:00:02.0
[    0.778283] SCSI subsystem initialized
[    0.779667] ACPI: bus type USB registered
[    0.781075] usbcore: registered new interface driver usbfs
[    0.782851] usbcore: registered new interface driver hub
[    0.784570] usbcore: registered new device driver usb
[    0.787171] PCI: Using ACPI for IRQ routing
[    0.789227] NetLabel: Initializing
[    0.790509] NetLabel:  domain hash size = 128
[    0.792365] NetLabel:  protocols = UNLABELED CIPSOv4
[    0.794413] NetLabel:  unlabeled traffic allowed by default
[    0.796703] amd_nb: Cannot enumerate AMD northbridges
[    0.798410] clocksource: Switched to clocksource kvm-clock
[    0.813131] AppArmor: AppArmor Filesystem Enabled
[    0.815236] pnp: PnP ACPI init
[    0.817610] pnp: PnP ACPI: found 3 devices
[    0.831076] clocksource: acpi_pm: mask: 0xffffff max_cycles: 0xffffff, max_idle_ns: 2085701024 ns
[    0.833952] NET: Registered protocol family 2
[    0.835973] TCP established hash table entries: 4096 (order: 3, 32768 bytes)
[    0.838532] TCP bind hash table entries: 4096 (order: 4, 65536 bytes)
[    0.840559] TCP: Hash tables configured (established 4096 bind 4096)
[    0.842516] UDP hash table entries: 256 (order: 1, 8192 bytes)
[    0.844164] UDP-Lite hash table entries: 256 (order: 1, 8192 bytes)
[    0.846049] NET: Registered protocol family 1
[    0.847493] pci 0000:00:00.0: Limiting direct PCI/PCI transfers
[    0.849300] pci 0000:00:01.0: Activating ISA DMA hang workarounds
[    0.855241] Unpacking initramfs...
[    1.173808] Freeing initrd memory: 14884K
[    1.175356] clocksource: tsc: mask: 0xffffffffffffffff max_cycles: 0x396d4ffc055, max_idle_ns: 881590662783 ns
[    1.178568] platform rtc_cmos: registered platform RTC device (no PNP device found)
[    1.181195] Scanning for low memory corruption every 60 seconds
[    1.183552] audit: initializing netlink subsys (disabled)
[    1.185516] audit: type=2000 audit(1616538670.181:1): initialized
[    1.188466] Initialise system trusted keyring
[    1.190176] HugeTLB registered 2 MB page size, pre-allocated 0 pages
[    1.194659] zbud: loaded
[    1.196074] VFS: Disk quotas dquot_6.6.0
[    1.197514] VFS: Dquot-cache hash table entries: 512 (order 0, 4096 bytes)
[    1.199909] squashfs: version 4.0 (2009/01/31) Phillip Lougher
[    1.202342] fuse init (API version 7.23)
[    1.204293] Key type big_key registered
[    1.205774] Allocating IMA MOK and blacklist keyrings.
[    1.209722] Key type asymmetric registered
[    1.211471] Asymmetric key parser 'x509' registered
[    1.213595] Block layer SCSI generic (bsg) driver version 0.4 loaded (major 249)
[    1.216240] io scheduler noop registered
[    1.217506] io scheduler deadline registered (default)
[    1.219673] io scheduler cfq registered
[    1.221234] pci_hotplug: PCI Hot Plug PCI Core version: 0.5
[    1.222891] pciehp: PCI Express Hot Plug Controller Driver version: 0.4
[    1.225366] ACPI: AC Adapter [AC] (on-line)
[    1.227120] input: Power Button as /devices/LNXSYSTM:00/LNXPWRBN:00/input/input0
[    1.229722] ACPI: Power Button [PWRF]
[    1.231541] input: Sleep Button as /devices/LNXSYSTM:00/LNXSLPBN:00/input/input1
[    1.234469] ACPI: Sleep Button [SLPF]
[    1.237676] ACPI: Battery Slot [BAT0] (battery present)
[    1.239656] GHES: HEST is not enabled!
[    1.241026] Serial: 8250/16550 driver, 32 ports, IRQ sharing enabled
[    1.278473] 00:02: ttyS0 at I/O 0x3f8 (irq = 4, base_baud = 115200) is a 16550A
[    1.282448] Linux agpgart interface v0.103
[    1.285985] loop: module loaded
[    1.288169] scsi host0: ata_piix
[    1.289580] scsi host1: ata_piix
[    1.291313] ata1: PATA max UDMA/33 cmd 0x1f0 ctl 0x3f6 bmdma 0xd000 irq 14
[    1.293449] ata2: PATA max UDMA/33 cmd 0x170 ctl 0x376 bmdma 0xd008 irq 15
[    1.296695] libphy: Fixed MDIO Bus: probed
[    1.298197] tun: Universal TUN/TAP device driver, 1.6
[    1.299811] tun: (C) 1999-2004 Max Krasnyansky <maxk@qualcomm.com>
[    1.302084] PPP generic driver version 2.4.2
[    1.303800] ehci_hcd: USB 2.0 'Enhanced' Host Controller (EHCI) Driver
[    1.310198] ehci-pci: EHCI PCI platform driver
[    1.311863] ehci-platform: EHCI generic platform driver
[    1.313559] ohci_hcd: USB 1.1 'Open' Host Controller (OHCI) Driver
[    1.316049] ohci-pci: OHCI PCI platform driver
[    1.317669] ohci-platform: OHCI generic platform driver
[    1.319926] uhci_hcd: USB Universal Host Controller Interface driver
[    1.322055] i8042: PNP: PS/2 Controller [PNP0303:PS2K,PNP0f03:PS2M] at 0x60,0x64 irq 1,12
[    1.325763] serio: i8042 KBD port at 0x60,0x64 irq 1
[    1.327774] serio: i8042 AUX port at 0x60,0x64 irq 12
[    1.329827] mousedev: PS/2 mouse device common for all mice
[    1.332718] rtc_cmos rtc_cmos: rtc core: registered rtc_cmos as rtc0
[    1.335282] input: AT Translated Set 2 keyboard as /devices/platform/i8042/serio0/input/input2
[    1.338778] rtc_cmos rtc_cmos: alarms up to one day, 114 bytes nvram
[    1.341278] i2c /dev entries driver
[    1.342935] device-mapper: uevent: version 1.0.3
[    1.344748] device-mapper: ioctl: 4.34.0-ioctl (2015-10-28) initialised: dm-devel@redhat.com
[    1.347719] ledtrig-cpu: registered to indicate activity on CPUs
[    1.350265] NET: Registered protocol family 10
[    1.352239] NET: Registered protocol family 17
[    1.353931] Key type dns_resolver registered
[    1.356204] registered taskstats version 1
[    1.357904] Loading compiled-in X.509 certificates
[    1.360364] Loaded X.509 cert 'Build time autogenerated kernel key: c0f1dd89d7e09a1955be4fde7c6f946674683c10'
[    1.363941] zswap: loaded using pool lzo/zbud
[    1.368220] Key type trusted registered
[    1.374726] Key type encrypted registered
[    1.376286] AppArmor: AppArmor sha1 policy hashing enabled
[    1.378000] ima: No TPM chip found, activating TPM-bypass!
[    1.379786] ima: Allocated hash algorithm: sha1
[    1.381344] evm: HMAC attrs: 0x1
[    1.383030]   Magic number: 13:522:553
[    1.384289] tty ttyS29: hash matches
[    1.385877] rtc_cmos rtc_cmos: setting system clock to 2021-03-23 22:31:05 UTC (1616538665)
[    1.389158] BIOS EDD facility v0.16 2004-Jun-25, 0 devices found
[    1.390910] EDD information not available.
[    1.477077] Freeing unused kernel memory: 1496K
[    1.478565] Write protecting the kernel read-only data: 14336k
[    1.481083] Freeing unused kernel memory: 1588K
[    1.483144] Freeing unused kernel memory: 52K
Loading, please wait...
starting version 229
[    1.504034] random: systemd-udevd: uninitialized urandom read (16 bytes read, 3 bits of entropy available)
[    1.505088] random: udevadm: uninitialized urandom read (16 bytes read, 3 bits of entropy available)
[    1.505119] random: udevadm: uninitialized urandom read (16 bytes read, 3 bits of entropy available)
[    1.514420] random: systemd-udevd: uninitialized urandom read (16 bytes read, 3 bits of entropy available)
[    1.518241] random: systemd-udevd: uninitialized urandom read (16 bytes read, 3 bits of entropy available)
[    1.520257] random: udevadm: uninitialized urandom read (16 bytes read, 3 bits of entropy available)
[    1.520341] random: udevadm: uninitialized urandom read (16 bytes read, 3 bits of entropy available)
[    1.520598] random: udevadm: uninitialized urandom read (16 bytes read, 3 bits of entropy available)
[    1.520688] random: udevadm: uninitialized urandom read (16 bytes read, 3 bits of entropy available)
[    1.520803] random: udevadm: uninitialized urandom read (16 bytes read, 3 bits of entropy available)
[    1.582289] e1000: Intel(R) PRO/1000 Network Driver - version 7.3.21-k8-NAPI
[    1.584602] e1000: Copyright (c) 1999-2006 Intel Corporation.
[    1.588547] Fusion MPT base driver 3.04.20
[    1.591093] Copyright (c) 1999-2008 LSI Corporation
[    1.603903] Fusion MPT SPI Host driver 3.04.20
[    1.625854] AVX2 version of gcm_enc/dec engaged.
[    1.627456] AES CTR mode by8 optimization enabled
[    1.797196] input: ImExPS/2 Generic Explorer Mouse as /devices/platform/i8042/serio1/input/input4
[    2.041452] e1000 0000:00:03.0 eth0: (PCI:33MHz:32-bit) 02:67:20:70:eb:1f
[    2.043362] e1000 0000:00:03.0 eth0: Intel(R) PRO/1000 Network Connection
[    2.046877] mptbase: ioc0: Initiating bringup
[    2.049771] e1000 0000:00:03.0 enp0s3: renamed from eth0
[    2.115542] ioc0: LSI53C1030 A0: Capabilities={Initiator}
[    2.277066] scsi host2: ioc0: LSI53C1030 A0, FwRev=00000000h, Ports=1, MaxQ=256, IRQ=20
[    2.391741] scsi 2:0:0:0: Direct-Access     VBOX     HARDDISK         1.0  PQ: 0 ANSI: 5
[    2.394060] scsi target2:0:0: Beginning Domain Validation
[    2.397605] scsi target2:0:0: Domain Validation skipping write tests
[    2.399220] scsi target2:0:0: Ending Domain Validation
[    2.400600] scsi target2:0:0: asynchronous
[    2.402459] scsi 2:0:1:0: Direct-Access     VBOX     HARDDISK         1.0  PQ: 0 ANSI: 5
[    2.404837] scsi target2:0:1: Beginning Domain Validation
[    2.408353] scsi target2:0:1: Domain Validation skipping write tests
[    2.424795] scsi target2:0:1: Ending Domain Validation
[    2.426220] scsi target2:0:1: asynchronous
[    2.436438] sd 2:0:0:0: Attached scsi generic sg0 type 0
[    2.437942] sd 2:0:0:0: [sda] 83886080 512-byte logical blocks: (42.9 GB/40.0 GiB)
[    2.441264] sd 2:0:1:0: [sdb] 20480 512-byte logical blocks: (10.5 MB/10.0 MiB)
[    2.443397] sd 2:0:1:0: Attached scsi generic sg1 type 0
[    2.445197] sd 2:0:0:0: [sda] Write Protect is off
[    2.445380] sd 2:0:1:0: [sdb] Write Protect is off
[    2.445599] sd 2:0:1:0: [sdb] Incomplete mode parameter data
[    2.445601] sd 2:0:1:0: [sdb] Assuming drive cache: write through
[    2.450784] sd 2:0:1:0: [sdb] Attached SCSI disk
[    2.453555] sd 2:0:0:0: [sda] Incomplete mode parameter data
[    2.455222] sd 2:0:0:0: [sda] Assuming drive cache: write through
[    2.459674]  sda: sda1
[    2.461830] sd 2:0:0:0: [sda] Attached SCSI disk
Begin: Loading essential drivers ... [    4.014448] md: linear personality registered for level -1
[    4.018654] md: multipath personality registered for level -4
[    4.023344] md: raid0 personality registered for level 0
[    4.028926] md: raid1 personality registered for level 1
[    4.102727] raid6: sse2x1   gen()  8534 MB/s
[    4.171045] raid6: sse2x1   xor()  5791 MB/s
[    4.238974] raid6: sse2x2   gen() 11215 MB/s
[    4.307279] raid6: sse2x2   xor()  7387 MB/s
[    4.374646] raid6: sse2x4   gen() 14041 MB/s
[    4.442491] raid6: sse2x4   xor()  9685 MB/s
[    4.510811] raid6: avx2x1   gen() 19145 MB/s
[    4.579138] raid6: avx2x2   gen() 21412 MB/s
[    4.646445] raid6: avx2x4   gen() 23174 MB/s
[    4.647703] raid6: using algorithm avx2x4 gen() 23174 MB/s
[    4.649438] raid6: using avx2x2 recovery algorithm
[    4.652787] xor: automatically using best checksumming function:
[    4.690909]    avx       : 22476.000 MB/sec
[    4.693335] async_tx: api initialized (async)
[    4.707277] md: raid6 personality registered for level 6
[    4.708862] md: raid5 personality registered for level 5
[    4.710404] md: raid4 personality registered for level 4
[    4.720904] md: raid10 personality registered for level 10
done.
Begin: Running /scripts/init-premount ... done.
Begin: Mounting root file system ... Begin: Running /scripts/local-top ... done.
Begin: Running /scripts/local-premount ... [    4.763018] Btrfs loaded
Scanning for Btrfs filesystems
done.
Warning: fsck not present, so skipping root file system
[    4.800664] EXT4-fs (sda1): INFO: recovery required on readonly filesystem
[    4.802484] EXT4-fs (sda1): write access will be enabled during recovery
[    5.060371] EXT4-fs (sda1): orphan cleanup on readonly fs
[    5.062088] EXT4-fs (sda1): 1 orphan inode deleted
[    5.063793] EXT4-fs (sda1): recovery complete
[    5.080444] EXT4-fs (sda1): mounted filesystem with ordered data mode. Opts: (null)
done.
Begin: Running /scripts/local-bottom ... done.
Begin: Running /scripts/init-bottom ... done.
[    5.243481] systemd[1]: systemd 229 running in system mode. (+PAM +AUDIT +SELINUX +IMA +APPARMOR +SMACK +SYSVINIT +UTMP +LIBCRYPTSETUP +GCRYPT +GNUTLS +ACL +XZ -LZ4 +SECCOMP +BLKID +ELFUTILS +KMOD -IDN)
[    5.249010] systemd[1]: Detected virtualization oracle.
[    5.250611] systemd[1]: Detected architecture x86-64.

Welcome to [1mUbuntu 16.04.7 LTS[0m!

[    5.254693] systemd[1]: Set hostname to <ubuntu-xenial>.
[    5.459503] systemd[1]: Created slice System Slice.
[[0;32m  OK  [0m] Created slice System Slice.
[    5.462622] systemd[1]: Listening on Journal Socket.
[[0;32m  OK  [0m] Listening on Journal Socket.
[    5.483516] systemd[1]: Mounting Debug File System...
         Mounting Debug File System...
[    5.486794] systemd[1]: Mounting POSIX Message Queue File System...
         Mounting POSIX Message Queue File System...
[    5.495263] systemd[1]: Reached target Swap.
[[0;32m  OK  [0m] Reached target Swap.
[    5.498239] systemd[1]: Set up automount Arbitrary Executable File Formats File System Automount Point.
[[0;32m  OK  [0m] Set up automount Arbitrary Executab...ats File System Automount Point.
[    5.502984] systemd[1]: Listening on Journal Socket (/dev/log).
[[0;32m  OK  [0m] Listening on Journal Socket (/dev/log).
[    5.505918] systemd[1]: Listening on /dev/initctl Compatibility Named Pipe.
[[0;32m  OK  [0m] Listening on /dev/initctl Compatibility Named Pipe.
[    5.522613] systemd[1]: Mounting Huge Pages File System...
         Mounting Huge Pages File System...
[    5.525654] systemd[1]: Created slice User and Session Slice.
[[0;32m  OK  [0m] Created slice User and Session Slice.
[    5.528548] systemd[1]: Reached target User and Group Name Lookups.
[[0;32m  OK  [0m] Reached target User and Group Name Lookups.
[    5.532010] systemd[1]: Starting Create list of required static device nodes for the current kernel...
         Starting Create list of required st... nodes for the current kernel...
[    5.538499] systemd[1]: Starting Set console keymap...
         Starting Set console keymap...
[    5.549937] systemd[1]: Reached target System Time Synchronized.
[[0;32m  OK  [0m] Reached target System Time Synchronized.
[    5.558672] systemd[1]: Listening on udev Kernel Socket.
[[0;32m  OK  [0m] Listening on udev Kernel Socket.
[    5.561776] systemd[1]: Starting Nameserver information manager...
         Starting Nameserver information manager...
[    5.564287] systemd[1]: Reached target Encrypted Volumes.
[[0;32m  OK  [0m] Reached target Encrypted Volumes.
[    5.566900] systemd[1]: Listening on LVM2 poll daemon socket.
[[0;32m  OK  [0m] Listening on LVM2 poll daemon socket.
[    5.569392] systemd[1]: Listening on Syslog Socket.
[[0;32m  OK  [0m] Listening on Syslog Socket.
[    5.578748] systemd[1]: Listening on LVM2 metadata daemon socket.
[[0;32m  OK  [0m] Listening on LVM2 metadata daemon socket.
[    5.581583] systemd[1]: Listening on udev Control Socket.
[[0;32m  OK  [0m] Listening on udev Control Socket.
[    5.584255] systemd[1]: Reached target Slices.
[[0;32m  OK  [0m] Reached target Slices.
[    5.586566] systemd[1]: Listening on Journal Audit Socket.
[[0;32m  OK  [0m] Listening on Journal Audit Socket.
[    5.594884] systemd[1]: Started Forward Password Requests to Wall Directory Watch.
[[0;32m  OK  [0m] Started Forward Password Requests to Wall Directory Watch.
[    5.623503] systemd[1]: Starting Remount Root and Kernel File Systems...
         Starting Remount Root and Kernel File Systems...
[    5.626849] systemd[1]: Listening on Device-mapper event daemon FIFOs.
[[0;32m  OK  [0[    5.629108] random: nonblocking pool is initialized
m] Listening on Device-mapper event daemon FIFOs.
[    5.632215] systemd[1]: Starting Monitoring of LVM2 mirrors, snapshots etc. using dmeventd or progress polling...
         Starting Monitoring of LVM2 mirrors... dmeventd or progress polling...
[    5.637790] systemd[1]: Starting Journal Service...
         Starting Journal Service...
[    5.641523] systemd[1]: Starting Uncomplicated firewall...
         Starting Uncomplicated firewall...
[    5.645035] systemd[1]: Created slice system-serial\x2dgetty.slice.
[[    5.648263] EXT4-fs (sda1): re-mounted. Opts: (null)
[0;32m  OK  [0m] Created slice system-serial\x2dgetty.slice.
[    5.661144] systemd[1]: Started Trigger resolvconf update for networkd DNS.
[[0;32m  OK  [0m] Started Trigger resolvconf update for networkd DNS.
[    5.687330] systemd[1]: Starting Load Kernel Modules...
         Starting Load Kernel Modules...
[    5.693739] systemd[1]: Mounted Huge Pages File System.
[[0;32m  OK  [0m] Mounted Huge Pages File System.
[    5.696461] systemd[1]: Mounted POSIX Message Queue File System.
[[0;32m  OK  [0m] Mounted POSIX Message Queue File System.
[    5.699385] systemd[1]: Mounted Debug File System.
[[0;32m  OK  [0m] Mounted Debug File System.
[    5.702250] systemd[1]: Started Journal Service.
[    5.703003] Loading iSCSI transport class v2.0-870.
[[0;32m  OK  [0m] Started Journal Service.
[[0;32m  OK  [0m] Started Create list of required sta...ce nodes for the current kernel.
[[0;32m  OK  [0m] Started Set console keymap.
[[0;32m  OK  [0m] Started Remount Root and Kernel File Systems.
[    5.714065] iscsi: registered transport (tcp)
[[0;32m  OK  [0m] Started Uncomplicated firewall.
[[0;32m  OK  [0m] Started Nameserver information manager.
[[0;32m  OK  [0m] Started LVM2 metadata daemon.
         Starting udev Coldplug all Devices...
         Starting Load/Save Random Seed...
         Starting Create Static Device Nodes in /dev...
         Starting Flush Journal to Persistent Storage...
[[0;32m  OK  [0m] Started Load/Save Random Seed.
[    5.762142] systemd-journald[393]: Received request to flush runtime journal from PID 1
[[0;32m  OK  [0m] Started Flush Journal to Persistent Storage.
[[0;32m  OK  [[    5.794694] iscsi: registered transport (iser)
0m] Started Create Static Device Nodes in /dev.
         Starting udev Kernel Device Manager...
[[0;32m  OK  [0m] Started Load Kernel Modules.
         Mounting FUSE Control File System...
         Starting Apply Kernel Variables...
[[0;32m  OK  [0m] Mounted FUSE Control File System.
[[0;32m  OK  [0m] Started udev Coldplug all Devices.
[[0;32m  OK  [0m] Started Apply Kernel Variables.
[[0;32m  OK  [0m] Started udev Kernel Device Manager.
[[0;32m  OK  [0m] Started Dispatch Password Requests to Console Directory Watch.
[[0;32m  OK  [0m] Found device /dev/ttyS0.
[[0;32m  OK  [0m] Listening on Load/Save RF Kill Switch Status /dev/rfkill Watch.
[[0;32m  OK  [0m] Started Monitoring of LVM2 mirrors,...ng dmeventd or progress polling.
[[0;32m  OK  [0m] Reached target Local File Systems (Pre).
[[0;32m  OK  [0m] Reached target Local File Systems.
         Starting Set console font and keymap...
         Starting Create Volatile Files and Directories...
         Starting Initial cloud-init job (pre-networking)...
         Starting Tell Plymouth To Write Out Runtime Data...
         Starting LSB: AppArmor initialization...
         Mounting /var/www/html...
[[0;32m  OK  [0m] Started Create Volatile Files and Directories.
[[0;32m  OK  [0m] Started Tell Plymouth To Write Out Runtime Data.
[[0;1;31mFAILED[0m] Failed to mount /var/www/html.
See 'systemctl status var-www-html.mount' for details.
         Starting Update UTMP about System Boot/Shutdown...
[[0;32m  OK  [0m] Started Update UTMP about System Boot/Shutdown.
[[0;32m  OK  [0m] Found device 82540EM Gigabit Ethern...r (PRO/1000 MT Desktop Adapter).
[[0;32m  OK  [0m] Started LSB: AppArmor initialization.
         Starting Load AppArmor profiles managed internally by snapd...
[[0;32m  OK  [0m] Started Load AppArmor profiles managed internally by snapd.
[[0;32m  OK  [0m] Started Set console font and keymap.
[[0;32m  OK  [0m] Created slice system-getty.slice.
[    8.054093] cloud-init[620]: Cloud-init v. 20.4.1-0ubuntu1~16.04.1 running 'init-local' at Tue, 23 Mar 2021 22:31:12 +0000. Up 7.66 seconds.
[[0;32m  OK  [0m] Started Initial cloud-init job (pre-networking).
[[0;32m  OK  [0m] Reached target Network (Pre).
         Starting Raise network interfaces...
[[0;32m  OK  [0m] Started ifup for enp0s3.
[[0;32m  OK  [0m] Started Raise network interfaces.
[[0;32m  OK  [0m] Reached target Network.
         Starting Initial cloud-init job (metadata service crawler)...
[    9.209273] cloud-init[978]: Cloud-init v. 20.4.1-0ubuntu1~16.04.1 running 'init' at Tue, 23 Mar 2021 22:31:13 +0000. Up 8.82 seconds.
[    9.211145] cloud-init[978]: ci-info: ++++++++++++++++++++++++++++++++++++++Net device info++++++++++++++++++++++++++++++++++++++
[    9.212917] cloud-init[978]: ci-info: +--------+------+----------------------------+---------------+--------+-------------------+
[    9.220656] cloud-init[978]: ci-info: | Device |  Up  |          Address           |      Mask     | Scope  |     Hw-Address    |
[    9.222709] cloud-init[978]: ci-info: +--------+------+----------------------------+---------------+--------+-------------------+
[    9.232392] cloud-init[978]: ci-info: | enp0s3 | True |         10.0.2.15          | 255.255.255.0 | global | 02:67:20:70:eb:1f |
[    9.241151] cloud-init[978]: ci-info: | enp0s3 | True | fe80::67:20ff:fe70:eb1f/64 |       .       |  link  | 02:67:20:70:eb:1f |
[    9.243242] cloud-init[978]: ci-info: |   lo   | True |         127.0.0.1          |   255.0.0.0   |  host  |         .         |
[    9.244990] cloud-init[978]: ci-info: |   lo   | True |          ::1/128           |       .       |  host  |         .         |
[    9.246820] cloud-init[978]: ci-info: +--------+------+----------------------------+---------------+--------+-------------------+
[    9.248773] cloud-init[978]: ci-info: +++++++++++++++++++++++++++Route IPv4 info++++++++++++++++++++++++++++
[    9.250138] cloud-init[978]: ci-info: +-------+-------------+----------+---------------+-----------+-------+
[    9.256769] cloud-init[978]: ci-info: | Route | Destination | Gateway  |    Genmask    | Interface | Flags |
[    9.258635] cloud-init[978]: ci-info: +-------+-------------+----------+---------------+-----------+-------+
[    9.264547] cloud-init[978]: ci-info: |   0   |   0.0.0.0   | 10.0.2.2 |    0.0.0.0    |   enp0s3  |   UG  |
[    9.266109] cloud-init[978]: ci-info: |   1   |   10.0.2.0  | 0.0.0.0  | 255.255.255.0 |   enp0s3  |   U   |
[    9.267774] cloud-init[978]: ci-info: +-------+-------------+----------+---------------+-----------+-------+
[    9.269700] cloud-init[978]: ci-info: +++++++++++++++++++Route IPv6 info+++++++++++++++++++
[    9.277388] cloud-init[978]: ci-info: +-------+-------------+---------+-----------+-------+
[    9.284762] cloud-init[978]: ci-info: | Route | Destination | Gateway | Interface | Flags |
[    9.286455] cloud-init[978]: ci-info: +-------+-------------+---------+-----------+-------+
[    9.288072] cloud-init[978]: ci-info: |   0   |  fe80::/64  |    ::   |   enp0s3  |   U   |
[    9.300739] cloud-init[978]: ci-info: |   3   |   ff00::/8  |    ::   |   enp0s3  |   U   |
[    9.300937] cloud-init[978]: ci-info: +-------+-------------+---------+-----------+-------+
[[0;32m  OK  [0m] Started Initial cloud-init job (metadata service crawler).
[[0;32m  OK  [0m] Reached target System Initialization.
[[0;32m  OK  [0m] Listening on ACPID Listen Socket.
         Starting Socket activation for snappy daemon.
[[0;32m  OK  [0m] Started Daily Cleanup of Temporary Directories.
[[0;32m  OK  [0m] Listening on D-Bus System Message Bus Socket.
[[0;32m  OK  [0m] Listening on UUID daemon activation socket.
[[0;32m  OK  [0m] Started Message of the Day.
[[0;32m  OK  [0m] Started Daily apt download activities.
[[0;32m  OK  [0m] Started ACPI Events Check.
[[0;32m  OK  [0m] Reached target Paths.
[[0;32m  OK  [0m] Started Daily apt upgrade and clean activities.
[[0;32m  OK  [0m] Reached target Timers.
         Starting LXD - unix socket.
[[0;32m  OK  [0m] Reached target Network is Online.
         Starting iSCSI initiator daemon (iscsid)...
[[0;32m  OK  [0m] Reached target Cloud-config availability.
[[0;32m  OK  [0m] Listening on Socket activation for snappy daemon.
[[0;32m  OK  [0m] Listening on LXD - unix socket.
[[0;32m  OK  [0m] Reached target Sockets.
[[0;32m  OK  [0m] Reached target Basic System.
[[0;32m  OK  [0m] Started ACPI event daemon.
[[0;32m  OK  [0m] Started Regular background program processing daemon.
[[0;32m  OK  [0m] Started D-Bus System Message Bus.
         Starting Message of the Day...
[[0;32m  OK  [0m] Started FUSE filesystem for LXC.
         Starting LSB: MD monitoring daemon...
         Starting Login Service...
         Starting /etc/rc.local Compatibility...
[[0;32m  OK  [0m] Started Deferred execution scheduler.
         Starting LSB: Record successful boot for GRUB...
         Starting Accounts Service...
         Starting OpenBSD Secure Shell server...
         Starting System Logging Service...
         Starting Virtualbox guest utils...
         Starting LXD - container startup/shutdown...
         Starting Snap Daemon...
[[0;32m  OK  [0m] Started iSCSI initiator daemon (iscsid).
[[0;32m  OK  [0m] Started Message of the Day.
[[0;32m  OK  [0m] Started /etc/rc.local Compatibility.
         Starting Login to default iSCSI targets...
[[0;32m  OK  [0m] Started Login Service.
[[0;32m  OK  [0m] Started Unattended Upgrades Shutdown.
[[0;32m  OK  [0m] Started System Logging Service.
[[0;32m  OK  [0m] Started LSB: MD monitoring daemon.
[[0;32m  OK  [0m] Started LSB: Record successful boot for GRUB.
[[0;32m  OK  [0m] Started Login to default iSCSI targets.
[[0;32m  OK  [0m] Reached target Remote File Systems (Pre).
[[0;32m  OK  [0m] Reached target Remote File Systems.
         Starting LSB: automatic crash report generation...
         Starting Permit User Sessions...
         Starting LSB: daemon to balance interrupts for SMP systems...
         Starting LSB: Set the CPU Frequency Scaling governor to "ondemand"...
         Starting LSB: Apache2 web server...
[[0;32m  OK  [0m] Started OpenBSD Secure Shell server.
[[0;32m  OK  [0m] Started Permit User Sessions.
         Starting Terminate Plymouth Boot Screen...
         Starting Hold until boot process finishes up...
         Starting Authenticate and Authorize Users to Run Privileged Tasks...
[[0;32m  OK  [0m] Started Terminate Plymouth Boot Screen.
[[0;32m  OK  [0m] Started Hold until boot process finishes up.
[[0;32m  OK  [0m] Started Serial Getty on ttyS0.
[[0;32m  OK  [0m] Started Getty on tty1.
[[0;32m  OK  [0m] Reached target Login Prompts.
         Starting Set console scheme...
[[0;32m  OK  [0m] Started LSB: Set the CPU Frequency Scaling governor to "ondemand".
[[0;32m  OK  [0m] Started Virtualbox guest utils.
[[0;32m  OK  [0m] Started Set console scheme.
[[0;32m  OK  [0m] Started LSB: daemon to balance interrupts for SMP systems.
[[0;32m  OK  [0m] Started LSB: automatic crash report generation.
[[0;32m  OK  [0m] Started Authenticate and Authorize Users to Run Privileged Tasks.
[[0;32m  OK  [0m] Started Accounts Service.
[[0;32m  OK  [0m] Started LXD - container startup/shutdown.
[[0;32m  OK  [0m] Started LSB: Apache2 web server.
[[0;32m  OK  [0m] Started Snap Daemon.
         Starting Wait until snapd is fully seeded...
[[0;32m  OK  [0m] Started Wait until snapd is fully seeded.
[[0;32m  OK  [0m] Reached target Multi-User System.
[[0;32m  OK  [0m] Reached target Graphical Interface.
         Starting Update UTMP about System Runlevel Changes...
         Starting Apply the settings specified in cloud-config...
[[0;32m  OK  [0m] Started Update UTMP about System Runlevel Changes.
[   11.694650] cloud-init[1321]: Cloud-init v. 20.4.1-0ubuntu1~16.04.1 running 'modules:config' at Tue, 23 Mar 2021 22:31:15 +0000. Up 11.44 seconds.
[[0;32m  OK  [0m] Started Apply the settings specified in cloud-config.
         Starting Execute cloud user/final scripts...
[   12.556806] cloud-init[1335]: Cloud-init v. 20.4.1-0ubuntu1~16.04.1 running 'modules:final' at Tue, 23 Mar 2021 22:31:16 +0000. Up 12.32 seconds.
[   12.558965] cloud-init[1335]: Cloud-init v. 20.4.1-0ubuntu1~16.04.1 finished at Tue, 23 Mar 2021 22:31:16 +0000. Datasource DataSourceNoCloud [seed=/dev/sdb][dsmode=net].  Up 12.54 seconds
[[0;32m  OK  [0m] Started Execute cloud user/final scripts.
[[0;32m  OK  [0m] Reached target Cloud-init target.
         Starting Daily apt download activities...

Ubuntu 16.04.7 LTS ubuntu-xenial ttyS0

ubuntu-xenial login: 